2017-12-14 15:37:33,851 [main] [Test.StealResource]-[INFO] test
2017-12-14 15:37:33,860 [main] [org.mybatis.spring.SqlSessionUtils]-[DEBUG] Creating a new SqlSession
2017-12-14 15:37:33,876 [main] [org.mybatis.spring.SqlSessionUtils]-[DEBUG] SqlSession [org.apache.ibatis.session.defaults.DefaultSqlSession@6c8bca63] was not registered for synchronization because synchronization is not active
2017-12-14 15:37:33,887 [main] [org.springframework.jdbc.datasource.DataSourceUtils]-[DEBUG] Fetching JDBC Connection from DataSource
2017-12-14 15:37:34,066 [main] [com.alibaba.druid.pool.DruidDataSource]-[INFO] {dataSource-1} inited
2017-12-14 15:37:34,586 [main] [org.mybatis.spring.transaction.SpringManagedTransaction]-[DEBUG] JDBC Connection [com.mysql.jdbc.JDBC4Connection@24faea88] will not be managed by Spring
2017-12-14 15:37:34,597 [main] [com.muzhi.dao.UserMetarialDao.selectAllMetariaByUid]-[DEBUG] ==>  Preparing: select id, user_id, metarial_id, stock, sava_limit, create_time, state from t_user_metarial where user_id = ? 
2017-12-14 15:37:34,659 [main] [com.muzhi.dao.UserMetarialDao.selectAllMetariaByUid]-[DEBUG] ==> Parameters: 1(Integer)
2017-12-14 15:37:34,719 [main] [com.muzhi.dao.UserMetarialDao.selectAllMetariaByUid]-[DEBUG] <==      Total: 5
2017-12-14 15:37:34,721 [main] [org.mybatis.spring.SqlSessionUtils]-[DEBUG] Closing non transactional SqlSession [org.apache.ibatis.session.defaults.DefaultSqlSession@6c8bca63]
2017-12-14 15:37:34,722 [main] [org.springframework.jdbc.datasource.DataSourceUtils]-[DEBUG] Returning JDBC Connection to DataSource
2017-12-14 15:37:34,724 [main] [org.mybatis.spring.SqlSessionUtils]-[DEBUG] Creating a new SqlSession
2017-12-14 15:37:34,724 [main] [org.mybatis.spring.SqlSessionUtils]-[DEBUG] SqlSession [org.apache.ibatis.session.defaults.DefaultSqlSession@475835b1] was not registered for synchronization because synchronization is not active
2017-12-14 15:37:34,725 [main] [org.springframework.jdbc.datasource.DataSourceUtils]-[DEBUG] Fetching JDBC Connection from DataSource
2017-12-14 15:37:34,725 [main] [org.mybatis.spring.transaction.SpringManagedTransaction]-[DEBUG] JDBC Connection [com.mysql.jdbc.JDBC4Connection@24faea88] will not be managed by Spring
2017-12-14 15:37:34,726 [main] [com.muzhi.dao.ResourceStealDao.selectTimeByUid]-[DEBUG] ==>  Preparing: select steal_time from t_count where uid = ? 
2017-12-14 15:37:34,727 [main] [com.muzhi.dao.ResourceStealDao.selectTimeByUid]-[DEBUG] ==> Parameters: 1(Integer)
2017-12-14 15:37:34,730 [main] [com.muzhi.dao.ResourceStealDao.selectTimeByUid]-[DEBUG] <==      Total: 1
2017-12-14 15:37:34,731 [main] [org.mybatis.spring.SqlSessionUtils]-[DEBUG] Closing non transactional SqlSession [org.apache.ibatis.session.defaults.DefaultSqlSession@475835b1]
2017-12-14 15:37:34,731 [main] [org.springframework.jdbc.datasource.DataSourceUtils]-[DEBUG] Returning JDBC Connection to DataSource
2017-12-14 15:37:34,733 [main] [org.springframework.test.context.support.AbstractDirtiesContextTestExecutionListener]-[DEBUG] After test method: context [DefaultTestContext@5afa04c testClass = StealResource, testInstance = Test.StealResource@9629756, testMethod = getStealResource@StealResource, testException = org.apache.ibatis.binding.BindingException: Mapper method 'com.muzhi.dao.ResourceStealDao.selectTimeByUid attempted to return null from a method with a primitive return type (int)., mergedContextConfiguration = [MergedContextConfiguration@6ea12c19 testClass = StealResource, locations = '{classpath:test-service-impl.xml}', classes = '{}', contextInitializerClasses = '[]', activeProfiles = '{}', propertySourceLocations = '{}', propertySourceProperties = '{}', contextLoader = 'org.springframework.test.context.support.DelegatingSmartContextLoader', parent = [null]]], class annotated with @DirtiesContext [false] with mode [null], method annotated with @DirtiesContext [false] with mode [null].
2017-12-14 15:37:34,742 [main] [org.springframework.test.context.support.AbstractDirtiesContextTestExecutionListener]-[DEBUG] After test class: context [DefaultTestContext@5afa04c testClass = StealResource, testInstance = [null], testMethod = [null], testException = [null], mergedContextConfiguration = [MergedContextConfiguration@6ea12c19 testClass = StealResource, locations = '{classpath:test-service-impl.xml}', classes = '{}', contextInitializerClasses = '[]', activeProfiles = '{}', propertySourceLocations = '{}', propertySourceProperties = '{}', contextLoader = 'org.springframework.test.context.support.DelegatingSmartContextLoader', parent = [null]]], class annotated with @DirtiesContext [false] with mode [null].
2017-12-14 15:37:34,749 [Thread-3] [org.springframework.context.support.GenericApplicationContext]-[INFO] Closing org.springframework.context.support.GenericApplicationContext@ae45eb6: startup date [Thu Dec 14 15:37:30 CST 2017]; root of context hierarchy
2017-12-14 15:37:34,753 [Thread-3] [org.springframework.beans.factory.support.DefaultListableBeanFactory]-[DEBUG] Returning cached instance of singleton bean 'sqlSessionFactory'
2017-12-14 15:37:34,754 [Thread-3] [org.springframework.beans.factory.support.DefaultListableBeanFactory]-[DEBUG] Returning cached instance of singleton bean 'lifecycleProcessor'
2017-12-14 15:37:34,755 [Thread-3] [org.springframework.beans.factory.support.DefaultListableBeanFactory]-[DEBUG] Destroying singletons in org.springframework.beans.factory.support.DefaultListableBeanFactory@45b9a632: defining beans [friendController,hallController,helpRecordController,makeFoodController,rankController,townController,trickController,userController,org.springframework.context.annotation.internalConfigurationAnnotationProcessor,org.springframework.context.annotation.internalAutowiredAnnotationProcessor,org.springframework.context.annotation.internalRequiredAnnotationProcessor,org.springframework.context.annotation.internalCommonAnnotationProcessor,org.springframework.context.event.internalEventListenerProcessor,org.springframework.context.event.internalEventListenerFactory,mvcContentNegotiationManager,org.springframework.web.servlet.mvc.method.annotation.RequestMappingHandlerMapping#0,mvcCorsConfigurations,org.springframework.format.support.FormattingConversionServiceFactoryBean#0,org.springframework.web.servlet.mvc.method.annotation.RequestMappingHandlerAdapter#0,mvcUriComponentsContributor,org.springframework.web.servlet.handler.MappedInterceptor#0,org.springframework.web.servlet.mvc.method.annotation.ExceptionHandlerExceptionResolver#0,org.springframework.web.servlet.mvc.annotation.ResponseStatusExceptionResolver#0,org.springframework.web.servlet.mvc.support.DefaultHandlerExceptionResolver#0,org.springframework.web.servlet.handler.BeanNameUrlHandlerMapping,org.springframework.web.servlet.mvc.HttpRequestHandlerAdapter,org.springframework.web.servlet.mvc.SimpleControllerHandlerAdapter,org.springframework.web.servlet.resource.DefaultServletHttpRequestHandler#0,org.springframework.web.servlet.handler.SimpleUrlHandlerMapping#0,org.springframework.web.servlet.view.InternalResourceViewResolver#0,org.springframework.context.support.PropertySourcesPlaceholderConfigurer#0,dataSource,sqlSessionFactory,org.mybatis.spring.mapper.MapperScannerConfigurer#0,taskScheduler,friendHelpTask,friendHelpBufferTask,jedisPoolConfig,jedisConnectionFactory,stringRedisSerializer,genericJackson2JsonRedisSerializer,redisTemplate,springRedis,achieveRankServiceImpl,articleServiceImpl,barServiceImpl,buildingServiceImple,configFoodServiceImpl,configRandomServiceImpl,cookBookServiceImpl,friendServiceImpl,hallServiceImpl,helpRecordServiceImpl,makeFoodServiceImpl,propServiceImpl,rankServiceImpl,specialRewardServiceImpl,sysRoleServiceImpl,townServiceImpl,trickServiceImpl,userbufferTemporaryServiceImpl,userMetariaServiceImpl,userServiceImpl,userStealServiceImpl,buildUpgrdeTask,buildUpgrdeThread,barRedisServiceImpl,configRedisServiceImpl,IUserinfoRedisImpl,makeFoodRedisServiceImpl,townRedisServiceImpl,userinfoRedisImpl,userRedisImpl,org.springframework.context.annotation.ConfigurationClassPostProcessor.importAwareProcessor,org.springframework.context.annotation.ConfigurationClassPostProcessor.enhancedConfigurationProcessor,articleDao,barDao,buildDao,buildHelpDao,buildMetarialDao,configAchieveDao,configDailyDao,configDecorateDao,configDefinitionDao,configFoodDao,configMetarialDao,configRandomDao,configSpecialDao,configUpgradeDao,cookbookDao,friendDao,hallDao,helpRecordDao,propDao,resourceStealDao,sysBuildDao,sysRoleDao,trickDao,userAchieveRankDao,userbufferTemporaryDao,userBuildDao,userDao,userMetarialDao]; root of factory hierarchy
2017-12-14 15:37:34,757 [Thread-3] [org.springframework.beans.factory.support.DefaultListableBeanFactory]-[DEBUG] Retrieved dependent beans for bean 'userStealServiceImpl': [Test.StealResource]
2017-12-14 15:37:34,759 [Thread-3] [org.springframework.beans.factory.support.DefaultListableBeanFactory]-[DEBUG] Retrieved dependent beans for bean '(inner bean)#5644dc81#2': [org.springframework.web.servlet.mvc.method.annotation.ExceptionHandlerExceptionResolver#0]
2017-12-14 15:37:34,761 [Thread-3] [org.springframework.beans.factory.support.DefaultListableBeanFactory]-[DEBUG] Retrieved dependent beans for bean '(inner bean)#3b2c0e88#2': [(inner bean)#66b7550d#2]
2017-12-14 15:37:34,763 [Thread-3] [org.springframework.beans.factory.support.DefaultListableBeanFactory]-[DEBUG] Retrieved dependent beans for bean '(inner bean)#58359ebd': [mvcUriComponentsContributor]
2017-12-14 15:37:34,763 [Thread-3] [org.springframework.beans.factory.support.DefaultListableBeanFactory]-[DEBUG] Retrieved dependent beans for bean '(inner bean)#1ae67cad#1': [(inner bean)#58359ebd]
2017-12-14 15:37:34,766 [Thread-3] [org.springframework.beans.factory.support.DefaultListableBeanFactory]-[DEBUG] Retrieved dependent beans for bean '(inner bean)#3b2c0e88#1': [(inner bean)#66b7550d#1]
2017-12-14 15:37:34,782 [Thread-3] [org.springframework.beans.factory.support.DefaultListableBeanFactory]-[DEBUG] Retrieved dependent beans for bean '(inner bean)#1ae67cad': [org.springframework.web.servlet.mvc.method.annotation.RequestMappingHandlerAdapter#0]
2017-12-14 15:37:34,784 [Thread-3] [org.springframework.beans.factory.support.DefaultListableBeanFactory]-[DEBUG] Retrieved dependent beans for bean '(inner bean)#3b2c0e88': [(inner bean)#66b7550d]
2017-12-14 15:37:34,786 [Thread-3] [org.springframework.beans.factory.support.DefaultListableBeanFactory]-[DEBUG] Retrieved dependent beans for bean '(inner bean)#76012793': [org.springframework.web.servlet.handler.MappedInterceptor#0]
2017-12-14 15:37:34,787 [Thread-3] [org.springframework.beans.factory.support.DefaultListableBeanFactory]-[DEBUG] Retrieved dependent beans for bean 'buildingServiceImple': [buildUpgrdeTask, buildUpgrdeThread]
2017-12-14 15:37:34,787 [Thread-3] [org.springframework.beans.factory.support.DefaultListableBeanFactory]-[DEBUG] Retrieved dependent beans for bean 'buildUpgrdeTask': [buildingServiceImple]
2017-12-14 15:37:34,791 [Thread-3] [org.springframework.beans.factory.support.DisposableBeanAdapter]-[DEBUG] Invoking destroy() on bean with name 'taskScheduler'
2017-12-14 15:37:34,792 [Thread-3] [org.springframework.scheduling.concurrent.ThreadPoolTaskScheduler]-[INFO] Shutting down ExecutorService 'taskScheduler'
2017-12-14 15:37:34,793 [Thread-3] [org.springframework.beans.factory.support.DefaultListableBeanFactory]-[DEBUG] Retrieved dependent beans for bean 'userServiceImpl': [trickServiceImpl, hallServiceImpl]
2017-12-14 15:37:34,793 [Thread-3] [org.springframework.beans.factory.support.DefaultListableBeanFactory]-[DEBUG] Retrieved dependent beans for bean 'trickServiceImpl': [userServiceImpl]
2017-12-14 15:37:34,794 [Thread-3] [org.springframework.beans.factory.support.DefaultListableBeanFactory]-[DEBUG] Retrieved dependent beans for bean 'cookBookServiceImpl': [configFoodServiceImpl]
2017-12-14 15:37:34,794 [Thread-3] [org.springframework.beans.factory.support.DefaultListableBeanFactory]-[DEBUG] Retrieved dependent beans for bean 'configFoodServiceImpl': [cookBookServiceImpl]
2017-12-14 15:37:34,795 [Thread-3] [org.springframework.beans.factory.support.DisposableBeanAdapter]-[DEBUG] Invoking destroy() on bean with name 'jedisConnectionFactory'
2017-12-14 15:37:34,798 [Thread-3] [org.springframework.beans.factory.support.DisposableBeanAdapter]-[DEBUG] Invoking destroy method 'close' on bean with name 'dataSource'
2017-12-14 15:37:34,806 [Thread-3] [com.alibaba.druid.pool.DruidDataSource]-[INFO] {dataSource-1} closed
2017-12-14 18:21:58,213 [main] [Test.StealResource]-[INFO] test
2017-12-14 18:21:58,220 [main] [org.mybatis.spring.SqlSessionUtils]-[DEBUG] Creating a new SqlSession
2017-12-14 18:21:58,225 [main] [org.mybatis.spring.SqlSessionUtils]-[DEBUG] SqlSession [org.apache.ibatis.session.defaults.DefaultSqlSession@470a696f] was not registered for synchronization because synchronization is not active
2017-12-14 18:21:58,233 [main] [org.springframework.jdbc.datasource.DataSourceUtils]-[DEBUG] Fetching JDBC Connection from DataSource
2017-12-14 18:21:58,263 [main] [com.alibaba.druid.pool.DruidDataSource]-[INFO] {dataSource-1} inited
2017-12-14 18:21:58,525 [main] [org.mybatis.spring.transaction.SpringManagedTransaction]-[DEBUG] JDBC Connection [com.mysql.jdbc.JDBC4Connection@64beebb7] will not be managed by Spring
2017-12-14 18:21:58,529 [main] [com.muzhi.dao.UserMetarialDao.selectAllMetariaByUid]-[DEBUG] ==>  Preparing: select id, user_id, metarial_id, stock, sava_limit, create_time, state from t_user_metarial where user_id = ? 
2017-12-14 18:21:58,549 [main] [com.muzhi.dao.UserMetarialDao.selectAllMetariaByUid]-[DEBUG] ==> Parameters: 1(Integer)
2017-12-14 18:21:58,570 [main] [com.muzhi.dao.UserMetarialDao.selectAllMetariaByUid]-[DEBUG] <==      Total: 5
2017-12-14 18:21:58,571 [main] [org.mybatis.spring.SqlSessionUtils]-[DEBUG] Closing non transactional SqlSession [org.apache.ibatis.session.defaults.DefaultSqlSession@470a696f]
2017-12-14 18:21:58,571 [main] [org.springframework.jdbc.datasource.DataSourceUtils]-[DEBUG] Returning JDBC Connection to DataSource
2017-12-14 18:21:58,572 [main] [org.mybatis.spring.SqlSessionUtils]-[DEBUG] Creating a new SqlSession
2017-12-14 18:21:58,572 [main] [org.mybatis.spring.SqlSessionUtils]-[DEBUG] SqlSession [org.apache.ibatis.session.defaults.DefaultSqlSession@5241cf67] was not registered for synchronization because synchronization is not active
2017-12-14 18:21:58,572 [main] [org.springframework.jdbc.datasource.DataSourceUtils]-[DEBUG] Fetching JDBC Connection from DataSource
2017-12-14 18:21:58,572 [main] [org.mybatis.spring.transaction.SpringManagedTransaction]-[DEBUG] JDBC Connection [com.mysql.jdbc.JDBC4Connection@64beebb7] will not be managed by Spring
2017-12-14 18:21:58,573 [main] [com.muzhi.dao.ResourceStealDao.selectTimeByUid]-[DEBUG] ==>  Preparing: select steal_time from t_count where uid = ? 
2017-12-14 18:21:58,573 [main] [com.muzhi.dao.ResourceStealDao.selectTimeByUid]-[DEBUG] ==> Parameters: 1(Integer)
2017-12-14 18:21:58,577 [main] [com.muzhi.dao.ResourceStealDao.selectTimeByUid]-[DEBUG] <==      Total: 1
2017-12-14 18:21:58,577 [main] [org.mybatis.spring.SqlSessionUtils]-[DEBUG] Closing non transactional SqlSession [org.apache.ibatis.session.defaults.DefaultSqlSession@5241cf67]
2017-12-14 18:21:58,577 [main] [org.springframework.jdbc.datasource.DataSourceUtils]-[DEBUG] Returning JDBC Connection to DataSource
2017-12-14 18:21:58,578 [main] [org.springframework.test.context.support.AbstractDirtiesContextTestExecutionListener]-[DEBUG] After test method: context [DefaultTestContext@6a024a67 testClass = StealResource, testInstance = Test.StealResource@735b5592, testMethod = getStealResource@StealResource, testException = org.apache.ibatis.binding.BindingException: Mapper method 'com.muzhi.dao.ResourceStealDao.selectTimeByUid attempted to return null from a method with a primitive return type (int)., mergedContextConfiguration = [MergedContextConfiguration@7921b0a2 testClass = StealResource, locations = '{classpath:test-service-impl.xml}', classes = '{}', contextInitializerClasses = '[]', activeProfiles = '{}', propertySourceLocations = '{}', propertySourceProperties = '{}', contextLoader = 'org.springframework.test.context.support.DelegatingSmartContextLoader', parent = [null]]], class annotated with @DirtiesContext [false] with mode [null], method annotated with @DirtiesContext [false] with mode [null].
2017-12-14 18:21:58,581 [main] [org.springframework.test.context.support.AbstractDirtiesContextTestExecutionListener]-[DEBUG] After test class: context [DefaultTestContext@6a024a67 testClass = StealResource, testInstance = [null], testMethod = [null], testException = [null], mergedContextConfiguration = [MergedContextConfiguration@7921b0a2 testClass = StealResource, locations = '{classpath:test-service-impl.xml}', classes = '{}', contextInitializerClasses = '[]', activeProfiles = '{}', propertySourceLocations = '{}', propertySourceProperties = '{}', contextLoader = 'org.springframework.test.context.support.DelegatingSmartContextLoader', parent = [null]]], class annotated with @DirtiesContext [false] with mode [null].
2017-12-14 18:21:58,583 [Thread-3] [org.springframework.context.support.GenericApplicationContext]-[INFO] Closing org.springframework.context.support.GenericApplicationContext@27efef64: startup date [Thu Dec 14 18:21:55 CST 2017]; root of context hierarchy
2017-12-14 18:21:58,584 [Thread-3] [org.springframework.beans.factory.support.DefaultListableBeanFactory]-[DEBUG] Returning cached instance of singleton bean 'sqlSessionFactory'
2017-12-14 18:21:58,584 [Thread-3] [org.springframework.beans.factory.support.DefaultListableBeanFactory]-[DEBUG] Returning cached instance of singleton bean 'lifecycleProcessor'
2017-12-14 18:21:58,584 [Thread-3] [org.springframework.beans.factory.support.DefaultListableBeanFactory]-[DEBUG] Destroying singletons in org.springframework.beans.factory.support.DefaultListableBeanFactory@4df50bcc: defining beans [friendController,hallController,helpRecordController,makeFoodController,rankController,townController,trickController,userController,org.springframework.context.annotation.internalConfigurationAnnotationProcessor,org.springframework.context.annotation.internalAutowiredAnnotationProcessor,org.springframework.context.annotation.internalRequiredAnnotationProcessor,org.springframework.context.annotation.internalCommonAnnotationProcessor,org.springframework.context.event.internalEventListenerProcessor,org.springframework.context.event.internalEventListenerFactory,mvcContentNegotiationManager,org.springframework.web.servlet.mvc.method.annotation.RequestMappingHandlerMapping#0,mvcCorsConfigurations,org.springframework.format.support.FormattingConversionServiceFactoryBean#0,org.springframework.web.servlet.mvc.method.annotation.RequestMappingHandlerAdapter#0,mvcUriComponentsContributor,org.springframework.web.servlet.handler.MappedInterceptor#0,org.springframework.web.servlet.mvc.method.annotation.ExceptionHandlerExceptionResolver#0,org.springframework.web.servlet.mvc.annotation.ResponseStatusExceptionResolver#0,org.springframework.web.servlet.mvc.support.DefaultHandlerExceptionResolver#0,org.springframework.web.servlet.handler.BeanNameUrlHandlerMapping,org.springframework.web.servlet.mvc.HttpRequestHandlerAdapter,org.springframework.web.servlet.mvc.SimpleControllerHandlerAdapter,org.springframework.web.servlet.resource.DefaultServletHttpRequestHandler#0,org.springframework.web.servlet.handler.SimpleUrlHandlerMapping#0,org.springframework.web.servlet.view.InternalResourceViewResolver#0,org.springframework.context.support.PropertySourcesPlaceholderConfigurer#0,dataSource,sqlSessionFactory,org.mybatis.spring.mapper.MapperScannerConfigurer#0,taskScheduler,friendHelpTask,friendHelpBufferTask,jedisPoolConfig,jedisConnectionFactory,stringRedisSerializer,genericJackson2JsonRedisSerializer,redisTemplate,springRedis,achieveRankServiceImpl,articleServiceImpl,barServiceImpl,buildingServiceImple,configFoodServiceImpl,configRandomServiceImpl,cookBookServiceImpl,friendServiceImpl,hallServiceImpl,helpRecordServiceImpl,makeFoodServiceImpl,propServiceImpl,rankServiceImpl,specialRewardServiceImpl,sysRoleServiceImpl,townServiceImpl,trickServiceImpl,userbufferTemporaryServiceImpl,userMetariaServiceImpl,userServiceImpl,userStealServiceImpl,buildUpgrdeTask,buildUpgrdeThread,barRedisServiceImpl,configRedisServiceImpl,IUserinfoRedisImpl,makeFoodRedisServiceImpl,townRedisServiceImpl,userinfoRedisImpl,userRedisImpl,org.springframework.context.annotation.ConfigurationClassPostProcessor.importAwareProcessor,org.springframework.context.annotation.ConfigurationClassPostProcessor.enhancedConfigurationProcessor,articleDao,barDao,buildDao,buildHelpDao,buildMetarialDao,configAchieveDao,configDailyDao,configDecorateDao,configDefinitionDao,configFoodDao,configMetarialDao,configRandomDao,configSpecialDao,configUpgradeDao,cookbookDao,friendDao,hallDao,helpRecordDao,propDao,resourceStealDao,sysBuildDao,sysRoleDao,trickDao,userAchieveRankDao,userbufferTemporaryDao,userBuildDao,userDao,userMetarialDao]; root of factory hierarchy
2017-12-14 18:21:58,585 [Thread-3] [org.springframework.beans.factory.support.DefaultListableBeanFactory]-[DEBUG] Retrieved dependent beans for bean 'userStealServiceImpl': [Test.StealResource]
2017-12-14 18:21:58,586 [Thread-3] [org.springframework.beans.factory.support.DefaultListableBeanFactory]-[DEBUG] Retrieved dependent beans for bean '(inner bean)#278bb07e#2': [org.springframework.web.servlet.mvc.method.annotation.ExceptionHandlerExceptionResolver#0]
2017-12-14 18:21:58,587 [Thread-3] [org.springframework.beans.factory.support.DefaultListableBeanFactory]-[DEBUG] Retrieved dependent beans for bean '(inner bean)#c1bd0be#2': [(inner bean)#7c541c15#2]
2017-12-14 18:21:58,590 [Thread-3] [org.springframework.beans.factory.support.DefaultListableBeanFactory]-[DEBUG] Retrieved dependent beans for bean '(inner bean)#72cf2de5': [mvcUriComponentsContributor]
2017-12-14 18:21:58,590 [Thread-3] [org.springframework.beans.factory.support.DefaultListableBeanFactory]-[DEBUG] Retrieved dependent beans for bean '(inner bean)#7c098bb3#1': [(inner bean)#72cf2de5]
2017-12-14 18:21:58,591 [Thread-3] [org.springframework.beans.factory.support.DefaultListableBeanFactory]-[DEBUG] Retrieved dependent beans for bean '(inner bean)#c1bd0be#1': [(inner bean)#7c541c15#1]
2017-12-14 18:21:58,593 [Thread-3] [org.springframework.beans.factory.support.DefaultListableBeanFactory]-[DEBUG] Retrieved dependent beans for bean '(inner bean)#7c098bb3': [org.springframework.web.servlet.mvc.method.annotation.RequestMappingHandlerAdapter#0]
2017-12-14 18:21:58,594 [Thread-3] [org.springframework.beans.factory.support.DefaultListableBeanFactory]-[DEBUG] Retrieved dependent beans for bean '(inner bean)#c1bd0be': [(inner bean)#7c541c15]
2017-12-14 18:21:58,595 [Thread-3] [org.springframework.beans.factory.support.DefaultListableBeanFactory]-[DEBUG] Retrieved dependent beans for bean '(inner bean)#79d94571': [org.springframework.web.servlet.handler.MappedInterceptor#0]
2017-12-14 18:21:58,597 [Thread-3] [org.springframework.beans.factory.support.DefaultListableBeanFactory]-[DEBUG] Retrieved dependent beans for bean 'buildingServiceImple': [buildUpgrdeTask, buildUpgrdeThread]
2017-12-14 18:21:58,597 [Thread-3] [org.springframework.beans.factory.support.DefaultListableBeanFactory]-[DEBUG] Retrieved dependent beans for bean 'buildUpgrdeTask': [buildingServiceImple]
2017-12-14 18:21:58,598 [Thread-3] [org.springframework.beans.factory.support.DisposableBeanAdapter]-[DEBUG] Invoking destroy() on bean with name 'taskScheduler'
2017-12-14 18:21:58,598 [Thread-3] [org.springframework.scheduling.concurrent.ThreadPoolTaskScheduler]-[INFO] Shutting down ExecutorService 'taskScheduler'
2017-12-14 18:21:58,598 [Thread-3] [org.springframework.beans.factory.support.DefaultListableBeanFactory]-[DEBUG] Retrieved dependent beans for bean 'userServiceImpl': [trickServiceImpl, hallServiceImpl]
2017-12-14 18:21:58,598 [Thread-3] [org.springframework.beans.factory.support.DefaultListableBeanFactory]-[DEBUG] Retrieved dependent beans for bean 'trickServiceImpl': [userServiceImpl]
2017-12-14 18:21:58,599 [Thread-3] [org.springframework.beans.factory.support.DefaultListableBeanFactory]-[DEBUG] Retrieved dependent beans for bean 'cookBookServiceImpl': [configFoodServiceImpl]
2017-12-14 18:21:58,599 [Thread-3] [org.springframework.beans.factory.support.DefaultListableBeanFactory]-[DEBUG] Retrieved dependent beans for bean 'configFoodServiceImpl': [cookBookServiceImpl]
2017-12-14 18:21:58,599 [Thread-3] [org.springframework.beans.factory.support.DisposableBeanAdapter]-[DEBUG] Invoking destroy() on bean with name 'jedisConnectionFactory'
2017-12-14 18:21:58,600 [Thread-3] [org.springframework.beans.factory.support.DisposableBeanAdapter]-[DEBUG] Invoking destroy method 'close' on bean with name 'dataSource'
2017-12-14 18:21:58,606 [Thread-3] [com.alibaba.druid.pool.DruidDataSource]-[INFO] {dataSource-1} closed
